[debug] [2019-09-27T11:51:43.343Z] ----------------------------------------------------------------------
[debug] [2019-09-27T11:51:43.347Z] Command:       C:\Program Files\nodejs\node.exe C:\Users\B4ibmjava25\AppData\Roaming\npm\node_modules\firebase-tools\lib\bin\firebase.js init
[debug] [2019-09-27T11:51:43.347Z] CLI Version:   7.4.0
[debug] [2019-09-27T11:51:43.347Z] Platform:      win32
[debug] [2019-09-27T11:51:43.347Z] Node Version:  v12.10.0
[debug] [2019-09-27T11:51:43.347Z] Time:          Fri Sep 27 2019 17:21:43 GMT+0530 (India Standard Time)
[debug] [2019-09-27T11:51:43.347Z] ----------------------------------------------------------------------
[debug] 
[debug] [2019-09-27T11:51:43.358Z] > command requires scopes: ["email","openid","https://www.googleapis.com/auth/cloudplatformprojects.readonly","https://www.googleapis.com/auth/firebase","https://www.googleapis.com/auth/cloud-platform"]
[debug] [2019-09-27T11:51:43.360Z] > authorizing via signed-in user
[info] 
     ######## #### ########  ######## ########     ###     ######  ########
     ##        ##  ##     ## ##       ##     ##  ##   ##  ##       ##
     ######    ##  ########  ######   ########  #########  ######  ######
     ##        ##  ##    ##  ##       ##     ## ##     ##       ## ##
     ##       #### ##     ## ######## ########  ##     ##  ######  ########

You're about to initialize a Firebase project in this directory:

  C:\payment-page\payment-page

Before we get started, keep in mind:

  * You are currently outside your home directory

[info] 
=== Project Setup
[info] 
[info] First, let's associate this project directory with a Firebase project.
[info] You can create multiple project aliases by running firebase use --add, 
[info] but for now we'll just set up a default project.
[info] 
[info] i  If you want to create a project in a Google Cloud organization or folder, please use "firebase projects:create" instead, and return to this command when you've created the project.
[debug] [2019-09-27T11:52:55.313Z] >>> HTTP REQUEST POST https://cloudresourcemanager.googleapis.com/v1/projects  

[debug] [2019-09-27T11:52:57.219Z] <<< HTTP RESPONSE 409
[debug] [2019-09-27T11:52:57.220Z] <<< HTTP RESPONSE BODY
[debug] [2019-09-27T11:52:57.222Z] HTTP Error: 409, Requested entity already exists
[debug] [2019-09-27T11:52:57.413Z] FirebaseError: HTTP Error: 409, Requested entity already exists
    at module.exports (C:\Users\B4ibmjava25\AppData\Roaming\npm\node_modules\firebase-tools\lib\responseToError.js:38:12)
    at Request._callback (C:\Users\B4ibmjava25\AppData\Roaming\npm\node_modules\firebase-tools\lib\api.js:39:35)
    at Request.self.callback (C:\Users\B4ibmjava25\AppData\Roaming\npm\node_modules\firebase-tools\node_modules\request\request.js:185:22)
    at Request.emit (events.js:209:13)
    at Request.EventEmitter.emit (domain.js:476:20)
    at Request.<anonymous> (C:\Users\B4ibmjava25\AppData\Roaming\npm\node_modules\firebase-tools\node_modules\request\request.js:1161:10)
    at Request.emit (events.js:209:13)
    at Request.EventEmitter.emit (domain.js:476:20)
    at IncomingMessage.<anonymous> (C:\Users\B4ibmjava25\AppData\Roaming\npm\node_modules\firebase-tools\node_modules\request\request.js:1083:12)
    at Object.onceWrapper (events.js:298:28)
[error] 
[error] Error: Failed to create Google Cloud project. See firebase-debug.log for more info.
